Determining if the pthread_create exist failed with the following output:
Change Dir: /home/yifang/catkin_ws_test/build/CMakeFiles/CMakeTmp

Run Build Command:/usr/bin/make "cmTryCompileExec3706026791/fast"
/usr/bin/make -f CMakeFiles/cmTryCompileExec3706026791.dir/build.make CMakeFiles/cmTryCompileExec3706026791.dir/build
make[1]: Entering directory `/home/yifang/catkin_ws_test/build/CMakeFiles/CMakeTmp'
/usr/bin/cmake -E cmake_progress_report /home/yifang/catkin_ws_test/build/CMakeFiles/CMakeTmp/CMakeFiles 1
Building C object CMakeFiles/cmTryCompileExec3706026791.dir/CheckSymbolExists.c.o
/usr/bin/cc    -o CMakeFiles/cmTryCompileExec3706026791.dir/CheckSymbolExists.c.o   -c /home/yifang/catkin_ws_test/build/CMakeFiles/CMakeTmp/CheckSymbolExists.c
Linking C executable cmTryCompileExec3706026791
/usr/bin/cmake -E cmake_link_script CMakeFiles/cmTryCompileExec3706026791.dir/link.txt --verbose=1
/usr/bin/cc       CMakeFiles/cmTryCompileExec3706026791.dir/CheckSymbolExists.c.o  -o cmTryCompileExec3706026791 -rdynamic 
CMakeFiles/cmTryCompileExec3706026791.dir/CheckSymbolExists.c.o: In function `main':
CheckSymbolExists.c:(.text+0x16): undefined reference to `pthread_create'
collect2: error: ld returned 1 exit status
make[1]: *** [cmTryCompileExec3706026791] Error 1
make[1]: Leaving directory `/home/yifang/catkin_ws_test/build/CMakeFiles/CMakeTmp'
make: *** [cmTryCompileExec3706026791/fast] Error 2

File /home/yifang/catkin_ws_test/build/CMakeFiles/CMakeTmp/CheckSymbolExists.c:
/* */
#include <pthread.h>

int main(int argc, char** argv)
{
  (void)argv;
#ifndef pthread_create
  return ((int*)(&pthread_create))[argc];
#else
  (void)argc;
  return 0;
#endif
}

Determining if the function pthread_create exists in the pthreads failed with the following output:
Change Dir: /home/yifang/catkin_ws_test/build/CMakeFiles/CMakeTmp

Run Build Command:/usr/bin/make "cmTryCompileExec3993631764/fast"
/usr/bin/make -f CMakeFiles/cmTryCompileExec3993631764.dir/build.make CMakeFiles/cmTryCompileExec3993631764.dir/build
make[1]: Entering directory `/home/yifang/catkin_ws_test/build/CMakeFiles/CMakeTmp'
/usr/bin/cmake -E cmake_progress_report /home/yifang/catkin_ws_test/build/CMakeFiles/CMakeTmp/CMakeFiles 1
Building C object CMakeFiles/cmTryCompileExec3993631764.dir/CheckFunctionExists.c.o
/usr/bin/cc   -DCHECK_FUNCTION_EXISTS=pthread_create   -o CMakeFiles/cmTryCompileExec3993631764.dir/CheckFunctionExists.c.o   -c /usr/share/cmake-2.8/Modules/CheckFunctionExists.c
Linking C executable cmTryCompileExec3993631764
/usr/bin/cmake -E cmake_link_script CMakeFiles/cmTryCompileExec3993631764.dir/link.txt --verbose=1
/usr/bin/cc   -DCHECK_FUNCTION_EXISTS=pthread_create    CMakeFiles/cmTryCompileExec3993631764.dir/CheckFunctionExists.c.o  -o cmTryCompileExec3993631764 -rdynamic -lpthreads 
/usr/bin/ld: cannot find -lpthreads
collect2: error: ld returned 1 exit status
make[1]: *** [cmTryCompileExec3993631764] Error 1
make[1]: Leaving directory `/home/yifang/catkin_ws_test/build/CMakeFiles/CMakeTmp'
make: *** [cmTryCompileExec3993631764/fast] Error 2


